2026-02-24T23:08:39.651+0700	[34mINFO[0m	container/app.go:28	Starting Auth Service	{"port": "8081"}
2026-02-24T23:08:43.661+0700	[31mERROR[0m	usecase/register.go:32	failed to check existing user	{"email": "ngvantien1526@gmail.com", "error": "invalid field found for struct go-judge-system/services/auth/internal/domain/entity.User's field Email: define a valid foreign key for relations or implement the Valuer/Scanner interface"}
2026-02-24T23:14:18.156+0700	[34mINFO[0m	container/app.go:28	Starting Auth Service	{"port": "8081"}
2026-02-24T23:14:21.283+0700	[34mINFO[0m	mail/smtp_provider.go:102	sending OTP email	{"to": "ngvantien1526@gmail.com"}
2026-02-24T23:14:21.326+0700	[34mINFO[0m	usecase/otp.go:84	OTP requested successfully	{"identifier": "ngvantien1526@gmail.com"}
2026-02-25T16:09:47.427+0700	[34mINFO[0m	container/app.go:28	Starting Auth Service	{"port": "8081"}
2026-02-25T16:10:24.126+0700	[34mINFO[0m	mail/smtp_provider.go:102	sending OTP email	{"to": "vantien1526@gmail.com"}
2026-02-25T16:10:24.160+0700	[34mINFO[0m	usecase/otp.go:89	OTP requested successfully	{"identifier": "vantien1526@gmail.com"}
2026-02-25T18:30:51.460+0700	[34mINFO[0m	container/app.go:28	Starting Auth Service	{"port": "8081"}
2026-02-25T18:37:28.296+0700	[34mINFO[0m	container/app.go:28	Starting Auth Service	{"port": "8081"}
2026-02-25T18:37:38.562+0700	[34mINFO[0m	usecase/otp.go:95	OTP requested successfully	{"identifier": "vantien1526@gmail.com"}
2026-02-25T18:37:38.562+0700	[34mINFO[0m	usecase/resend_otp.go:53	OTP resent successfully	{"email": "vantien1526@gmail.com", "purpose": "activation"}
2026-02-25T18:38:23.474+0700	[34mINFO[0m	usecase/otp.go:141	OTP verified successfully	{"identifier": "vantien1526@gmail.com"}
2026-02-25T18:38:23.488+0700	[34mINFO[0m	usecase/verify_otp.go:69	User verified successfully	{"email": "vantien1526@gmail.com"}
2026-02-25T18:38:36.994+0700	[34mINFO[0m	usecase/otp.go:95	OTP requested successfully	{"identifier": "ngvantien1526@gmail.com"}
2026-02-25T18:38:36.994+0700	[34mINFO[0m	usecase/resend_otp.go:53	OTP resent successfully	{"email": "ngvantien1526@gmail.com", "purpose": "activation"}
2026-02-25T18:38:41.012+0700	[31mERROR[0m	usecase/resend_otp.go:49	failed to request OTP for resend	{"email": "ngvantien1526@gmail.com", "error": "you have exceeded the maximum requests per second"}
2026-02-25T18:39:07.579+0700	[31mERROR[0m	usecase/resend_otp.go:49	failed to request OTP for resend	{"email": "ngvantien1526@gmail.com", "error": "you have exceeded the maximum requests per second"}
2026-02-25T18:40:31.275+0700	[34mINFO[0m	usecase/otp.go:95	OTP requested successfully	{"identifier": "ngvantien1526@gmail.com"}
2026-02-25T18:40:31.276+0700	[34mINFO[0m	usecase/resend_otp.go:53	OTP resent successfully	{"email": "ngvantien1526@gmail.com", "purpose": "activation"}
2026-02-25T18:41:00.806+0700	[34mINFO[0m	usecase/otp.go:141	OTP verified successfully	{"identifier": "ngvantien1526@gmail.com"}
2026-02-25T18:41:00.810+0700	[34mINFO[0m	usecase/verify_otp.go:69	User verified successfully	{"email": "ngvantien1526@gmail.com"}
2026-02-26T18:31:55.486+0700	[34mINFO[0m	container/app.go:28	Starting Auth Service	{"port": "8081"}
2026-02-26T18:31:57.405+0700	[34mINFO[0m	usecase/otp.go:95	OTP requested successfully	{"identifier": "ngvantien1526@gmail.com"}
2026-02-26T18:31:57.405+0700	[34mINFO[0m	usecase/forgot_password.go:46	Forgot password OTP requested successfully	{"email": "ngvantien1526@gmail.com"}
2026-02-26T18:34:31.776+0700	[34mINFO[0m	usecase/otp.go:141	OTP verified successfully	{"identifier": "ngvantien1526@gmail.com"}
2026-02-26T18:34:31.779+0700	[34mINFO[0m	usecase/verify_forgot_password.go:60	Forgot password OTP verified successfully, reset token generated	{"email": "ngvantien1526@gmail.com"}
2026-02-26T21:54:42.846+0700	[34mINFO[0m	container/app.go:28	Starting Auth Service	{"port": "8081"}
2026-02-26T21:56:07.220+0700	[33mWARN[0m	usecase/reset_password.go:35	failed to get email from reset token	{"reset_token": "39383031323032632d656564352d346261352d623738332d633835383932303830393830d0d9b98b94b5532a27b36e061d73bead97c71e2d9b118a792b054432131d94b7", "error": "invalid or expired token"}
2026-02-26T21:56:15.228+0700	[34mINFO[0m	usecase/otp.go:95	OTP requested successfully	{"identifier": "ngvantien1526@gmail.com"}
2026-02-26T21:56:15.228+0700	[34mINFO[0m	usecase/forgot_password.go:46	Forgot password OTP requested successfully	{"email": "ngvantien1526@gmail.com"}
2026-02-26T21:56:54.232+0700	[34mINFO[0m	usecase/otp.go:141	OTP verified successfully	{"identifier": "ngvantien1526@gmail.com"}
2026-02-26T21:56:54.238+0700	[34mINFO[0m	usecase/verify_forgot_password.go:60	Forgot password OTP verified successfully, reset token generated	{"email": "ngvantien1526@gmail.com"}
2026-02-26T21:57:04.172+0700	[34mINFO[0m	usecase/reset_password.go:62	Password reset successfully	{"email": "ngvantien1526@gmail.com"}
2026-02-26T21:58:07.389+0700	[34mINFO[0m	container/app.go:28	Starting Auth Service	{"port": "8081"}
2026-02-26T21:58:10.960+0700	[33mWARN[0m	usecase/reset_password.go:35	failed to get email from reset token	{"reset_token": "39383031323032632d656564352d346261352d623738332d6338353839323038303938308fca3233d50d95cbecd7d0564d8894bb03bcffbaadd60a2bed064e60e6eafcca", "error": "invalid or expired token"}
2026-03-01T15:21:33.576+0700	[34mINFO[0m	container/app.go:28	Starting Auth Service	{"port": "8081"}
2026-03-01T15:51:51.963+0700	[34mINFO[0m	container/app.go:28	Starting Auth Service	{"port": "8081"}
